
> vxq@0.1.0-dev.101 build /Users/j/src/github.com/vxq/js
> gulp build

(node:38481) fs: re-evaluating native module sources is not supported. If you are using the graceful-fs module, please update it to a more recent version.
[00:51:20] Using gulpfile ~/src/github.com/vxq/js/gulpfile.js
[00:51:20] Starting 'build'...
[00:51:20] Starting 'copy-deps'...
[00:51:20] Finished 'build' after 9.42 ms
[00:51:20] Finished 'copy-deps' after 16 ms
[00:51:20] Starting 'build-simple'...
[00:51:23] gulp-google-closure-compiler: /vxq/index.js:17: WARNING - Property voxelquest never defined on $jscomp$destructuring$var3
      const {voxelquest} = require('vxq.worlds.voxelquest');
             ^

0 error(s), 1 warning(s), 93.9% typed

[00:51:23] Finished 'build-simple' after 2.75 s
[00:51:23] Starting 'build-debug'...

events.js:160
      throw er; // Unhandled 'error' event
      ^
Error: Compilation error: 

java -jar /Users/j/src/github.com/vxq/js/node_modules/google-closure-compiler/compiler.jar --compilation_level=ADVANCED_OPTIMIZATIONS --use_types_for_optimization=true --dependency_mode=STRICT --warning_level=VERBOSE --output_wrapper=-function(window, module) {
%output%
}.call(typeof window == 'object' ? window: typeof this == 'object' ? this: null,typeof window == 'object' ? window : null,typeof module == 'object' ? module : null) --language_in=ECMASCRIPT6_STRICT --language_out=ECMASCRIPT5_STRICT --entry_point=vxq.main --jscomp_error=checkTypes --jscomp_error=missingReturn --jscomp_error=checkVars --jscomp_error=missingProvide --jscomp_error=missingRequire --jscomp_error=missingProperties --jscomp_warning=accessControls --jscomp_warning=undefinedVars --jscomp_warning=undefinedNames --jscomp_warning=visibility --jscomp_warning=externsValidation --externs=vxq/public.externs.js --externs=vxq/environment.externs.js --js_output_file=debug/vxq.js --formatting=pretty_print --debug=true --define=vxq.D.DEBUG=true --json_streams BOTH

/vxq/index.js:17: ERROR - Property voxelquest never defined on $jscomp$destructuring$var3
      const {voxelquest} = require('vxq.worlds.voxelquest');
             ^

1 error(s), 0 warning(s), 93.9% typed




npm ERR! Darwin 15.4.0
npm ERR! argv "/usr/local/bin/node" "/Users/j/src/github.com/vxq/js/node_modules/.bin/npm" "run" "build"
npm ERR! node v6.1.0
npm ERR! npm  v3.9.2
npm ERR! code ELIFECYCLE
npm ERR! vxq@0.1.0-dev.101 build: `gulp build`
npm ERR! Exit status 1
npm ERR! 
npm ERR! Failed at the vxq@0.1.0-dev.101 build script 'gulp build'.
npm ERR! Make sure you have the latest version of node.js and npm installed.
npm ERR! If you do, this is most likely a problem with the vxq package,
npm ERR! not with npm itself.
npm ERR! Tell the author that this fails on your system:
npm ERR!     gulp build
npm ERR! You can get information on how to open an issue for this project with:
npm ERR!     npm bugs vxq
npm ERR! Or if that isn't available, you can get their info via:
npm ERR!     npm owner ls vxq
npm ERR! There is likely additional logging output above.

npm ERR! Please include the following file with any support request:
npm ERR!     /Users/j/src/github.com/vxq/js/npm-debug.log
